<?xml version="1.0" encoding="UTF-8"?>
<!-- Generated by org.testng.reporters.JUnitReportReporter -->
<testsuite hostname="L-INE-DP17XR2" failures="0" tests="3" name="com.selenium.a11.TestPractic06" time="10.423" errors="0" timestamp="2023-09-05T12:27:14 IST" skipped="0">
  <testcase classname="com.selenium.a11.TestPractic06" name="f" time="5.350"/>
  <testcase classname="com.selenium.a11.TestPractic06" name="f1" time="3.332"/>
  <testcase classname="com.selenium.a11.TestPractic06" name="f2" time="1.741"/>
</testsuite> <!-- com.selenium.a11.TestPractic06 -->
