<?xml version="1.0" encoding="UTF-8"?>
<!-- Generated by org.testng.reporters.JUnitReportReporter -->
<testsuite hostname="L-INE-DP17XR2" failures="0" tests="2" name="com.selenium.a11.TestPractice01" time="6.113" errors="0" timestamp="2023-09-04T11:27:22 IST" skipped="0">
  <testcase classname="com.selenium.a11.TestPractice01" name="f1" time="1.800"/>
  <testcase classname="com.selenium.a11.TestPractice01" name="f" time="4.313"/>
</testsuite> <!-- com.selenium.a11.TestPractice01 -->
