<?xml version="1.0" encoding="UTF-8"?>
<!-- Generated by org.testng.reporters.JUnitReportReporter -->
<testsuite hostname="L-INE-DP17XR2" failures="0" tests="1" name="com.selenium.a11.TestPractice04" time="7.950" errors="0" timestamp="2023-09-04T16:25:23 IST" skipped="0">
  <testcase classname="com.selenium.a11.TestPractice04" name="f" time="7.950"/>
</testsuite> <!-- com.selenium.a11.TestPractice04 -->
